<?xml version="1.0" encoding="UTF-8"?>
<!-- Generated by org.testng.reporters.JUnitReportReporter -->
<testsuite hostname="shashikumar-PC" failures="0" tests="1" name="OrderFlow" time="16.638" errors="0" timestamp="2023-03-07T21:48:05 IST" skipped="0">
  <testcase classname="OrderFlow" name="endtoendFlow" time="16.638"/>
  <system-out/>
</testsuite> <!-- OrderFlow -->
